<?xml version="1.0" encoding="UTF-8"?>
<testsuite xmlns:xsi="http://www.w3.org/2001/XMLSchema-instance" xsi:noNamespaceSchemaLocation="https://maven.apache.org/surefire/maven-surefire-plugin/xsd/surefire-test-report-3.0.xsd" version="3.0" name="com.phasmidsoftware.dsaipg.projects.mcts.tictactoe.TicTacToeNodeTest" time="0.024" tests="6" errors="0" skipped="0" failures="0">
  <properties>
[...]
</properties>
  <testcase name="addChild" classname="com.phasmidsoftware.dsaipg.projects.mcts.tictactoe.TicTacToeNodeTest" time="0.002"/>
  <testcase name="state" classname="com.phasmidsoftware.dsaipg.projects.mcts.tictactoe.TicTacToeNodeTest" time="0.001"/>
  <testcase name="white" classname="com.phasmidsoftware.dsaipg.projects.mcts.tictactoe.TicTacToeNodeTest" time="0.0"/>
  <testcase name="backPropagate" classname="com.phasmidsoftware.dsaipg.projects.mcts.tictactoe.TicTacToeNodeTest" time="0.0"/>
  <testcase name="children" classname="com.phasmidsoftware.dsaipg.projects.mcts.tictactoe.TicTacToeNodeTest" time="0.0"/>
  <testcase name="winsAndPlayouts" classname="com.phasmidsoftware.dsaipg.projects.mcts.tictactoe.TicTacToeNodeTest" time="0.001"/>
</testsuite>