<?xml version="1.0" encoding="UTF-8"?>
<testsuite xmlns:xsi="http://www.w3.org/2001/XMLSchema-instance" xsi:noNamespaceSchemaLocation="https://maven.apache.org/surefire/maven-surefire-plugin/xsd/surefire-test-report-3.0.xsd" version="3.0" name="com.phasmidsoftware.dsaipg.sort.linearithmic.MergeSortTest" time="0.511" tests="17" errors="0" skipped="0" failures="0">
  <properties>
[...]
</properties>
  <testcase name="testSort11_partialsorted" classname="com.phasmidsoftware.dsaipg.sort.linearithmic.MergeSortTest" time="0.135">
    <system-out><![CDATA[Instrumenting helper for insertion sort with 128 elements
partial sorted average time partialsorted_Cutoff + Insurance + NoCopy: 123777
]]></system-out>
  </testcase>
  <testcase name="testSort9_partialsorted" classname="com.phasmidsoftware.dsaipg.sort.linearithmic.MergeSortTest" time="0.083">
    <system-out><![CDATA[Instrumenting helper for insertion sort with 128 elements
partial sorted average time partialsorted_Cutoff + NoCopy: 83376
]]></system-out>
  </testcase>
  <testcase name="testSort2" classname="com.phasmidsoftware.dsaipg.sort.linearithmic.MergeSortTest" time="0.006">
    <system-out><![CDATA[Instrumenting helper for merge sort with 128 elements
StatPack {hits: n=1; mean=2948; normalized=4.747; lookups: n=1; mean=1502; normalized=2.418; copies: n=1; mean=1280; normalized=2.061; inversions: n=1; mean=4224; normalized=6.801; swaps: n=1; mean=101; normalized=0.163; fixes: n=1; mean=4224; normalized=6.801; compares: n=1; mean=751; normalized=1.209}
Compares751
Worst Compares769
]]></system-out>
  </testcase>
  <testcase name="testSort3" classname="com.phasmidsoftware.dsaipg.sort.linearithmic.MergeSortTest" time="0.001">
    <system-out><![CDATA[Instrumenting helper for insertion sort with 128 elements
Instrumenting helper for merge sort with 128 elements
StatPack {hits: n=1; mean=3712; normalized=5.977; lookups: n=1; mean=896; normalized=1.443; copies: n=1; mean=1792; normalized=2.885; inversions: <unset>; swaps: n=1; mean=0; normalized=0.000; fixes: <unset>; compares: n=1; mean=448; normalized=0.721}
]]></system-out>
  </testcase>
  <testcase name="testSort4" classname="com.phasmidsoftware.dsaipg.sort.linearithmic.MergeSortTest" time="0.077">
    <system-out><![CDATA[Instrumenting helper for insertion sort with 128 elements
average time random_CutOff: 75047
]]></system-out>
  </testcase>
  <testcase name="testSort5" classname="com.phasmidsoftware.dsaipg.sort.linearithmic.MergeSortTest" time="0.033">
    <system-out><![CDATA[Instrumenting helper for insertion sort with 128 elements
average time random_Cutoff + NoCopy: 32067
]]></system-out>
  </testcase>
  <testcase name="testSort6" classname="com.phasmidsoftware.dsaipg.sort.linearithmic.MergeSortTest" time="0.023">
    <system-out><![CDATA[Instrumenting helper for insertion sort with 128 elements
average time random_Cutoff + Insurance: 20426
]]></system-out>
  </testcase>
  <testcase name="testSort7" classname="com.phasmidsoftware.dsaipg.sort.linearithmic.MergeSortTest" time="0.017">
    <system-out><![CDATA[Instrumenting helper for insertion sort with 128 elements
average time random_Cutoff + Insurance + NoCopy: 15971
]]></system-out>
  </testcase>
  <testcase name="testSort10_partialsorted" classname="com.phasmidsoftware.dsaipg.sort.linearithmic.MergeSortTest" time="0.023">
    <system-out><![CDATA[Instrumenting helper for insertion sort with 128 elements
partial sorted average time partialsorted_Cutoff + Insurance: 22129
]]></system-out>
  </testcase>
  <testcase name="testSort8_partialsorted" classname="com.phasmidsoftware.dsaipg.sort.linearithmic.MergeSortTest" time="0.022">
    <system-out><![CDATA[Instrumenting helper for insertion sort with 128 elements
partial sorted average time partialsorted_Cutoff: 21168
]]></system-out>
  </testcase>
  <testcase name="testSort12" classname="com.phasmidsoftware.dsaipg.sort.linearithmic.MergeSortTest" time="0.002">
    <system-out><![CDATA[testing Instrumenting helper for MergeSort with insurance comparison with 8 elements
]]></system-out>
  </testcase>
  <testcase name="testSort13" classname="com.phasmidsoftware.dsaipg.sort.linearithmic.MergeSortTest" time="0.001">
    <system-out><![CDATA[testing Instrumenting helper for MergeSort with no copy with 8 elements
]]></system-out>
  </testcase>
  <testcase name="testSort14" classname="com.phasmidsoftware.dsaipg.sort.linearithmic.MergeSortTest" time="0.001">
    <system-out><![CDATA[testing Instrumenting helper for MergeSort with insurance comparison with no copy with 8 elements
]]></system-out>
  </testcase>
  <testcase name="testSort1a" classname="com.phasmidsoftware.dsaipg.sort.linearithmic.MergeSortTest" time="0.0"/>
  <testcase name="testSort1b" classname="com.phasmidsoftware.dsaipg.sort.linearithmic.MergeSortTest" time="0.0"/>
  <testcase name="testSort1c" classname="com.phasmidsoftware.dsaipg.sort.linearithmic.MergeSortTest" time="0.001"/>
  <testcase name="testSort1d" classname="com.phasmidsoftware.dsaipg.sort.linearithmic.MergeSortTest" time="0.001"/>
</testsuite>